# JRE version: Java(TM) SE Runtime Environment (18.0.2.1+1) (build 18.0.2.1+1-1)
# Java VM: Java HotSpot(TM) 64-Bit Server VM (18.0.2.1+1-1, mixed mode, sharing, tiered, compressed oops, compressed class ptrs, g1 gc, windows-amd64)
GC Precious Log:
 CardTable entry size: 512
 Card Set container configuration: InlinePtr #cards 4 size 8 Array Of Cards #cards 16 size 48 Howl #buckets 8 coarsen threshold 3686 Howl Bitmap #cards 512 size 80 coarsen threshold 460 Card regions per heap region 1 cards per card region 4096
 CPUs: 16 total, 16 available
 Memory: 16294M
 Large Page Support: Disabled
 NUMA Support: Disabled
 Compressed Oops: Enabled (Zero based)
 Heap Region Size: 2M
 Heap Min Capacity: 8M
 Heap Initial Capacity: 256M
 Heap Max Capacity: 4074M
 Pre-touch: Disabled
 Parallel Workers: 13
 Concurrent Workers: 3
 Concurrent Refinement Workers: 13
 Periodic GC: Disabled
Heap:
 garbage-first heap   total 178176K, used 80757K [0x0000000701600000, 0x0000000800000000)
  region size 2048K, 16 young (32768K), 2 survivors (4096K)
 Metaspace       used 29375K, committed 29824K, reserved 1114112K
  class space    used 3081K, committed 3328K, reserved 1048576K
GC Heap History (20 events):
Event: 0.839 GC heap before
{Heap before GC invocations=1 (full 0):
 garbage-first heap   total 262144K, used 34523K [0x0000000701600000, 0x0000000800000000)
  region size 2048K, 17 young (34816K), 2 survivors (4096K)
 Metaspace       used 9771K, committed 9984K, reserved 1114112K
  class space    used 1172K, committed 1280K, reserved 1048576K
}
Event: 0.842 GC heap after
{Heap after GC invocations=2 (full 0):
 garbage-first heap   total 262144K, used 5603K [0x0000000701600000, 0x0000000800000000)
  region size 2048K, 2 young (4096K), 2 survivors (4096K)
 Metaspace       used 9771K, committed 9984K, reserved 1114112K
  class space    used 1172K, committed 1280K, reserved 1048576K
}
Event: 1.882 GC heap before
{Heap before GC invocations=2 (full 0):
 garbage-first heap   total 262144K, used 157155K [0x0000000701600000, 0x0000000800000000)
  region size 2048K, 76 young (155648K), 2 survivors (4096K)
 Metaspace       used 13821K, committed 14144K, reserved 1114112K
  class space    used 1453K, committed 1600K, reserved 1048576K
}
Event: 1.891 GC heap after
{Heap after GC invocations=3 (full 0):
 garbage-first heap   total 262144K, used 16010K [0x0000000701600000, 0x0000000800000000)
  region size 2048K, 7 young (14336K), 7 survivors (14336K)
 Metaspace       used 13821K, committed 14144K, reserved 1114112K
  class space    used 1453K, committed 1600K, reserved 1048576K
}
Event: 2.842 GC heap before
{Heap before GC invocations=3 (full 0):
 garbage-first heap   total 262144K, used 89738K [0x0000000701600000, 0x0000000800000000)
  region size 2048K, 42 young (86016K), 7 survivors (14336K)
 Metaspace       used 21235K, committed 21504K, reserved 1114112K
  class space    used 2300K, committed 2432K, reserved 1048576K
}
Event: 2.851 GC heap after
{Heap after GC invocations=4 (full 0):
 garbage-first heap   total 262144K, used 27273K [0x0000000701600000, 0x0000000800000000)
  region size 2048K, 4 young (8192K), 4 survivors (8192K)
 Metaspace       used 21235K, committed 21504K, reserved 1114112K
  class space    used 2300K, committed 2432K, reserved 1048576K
}
Event: 3.438 GC heap before
{Heap before GC invocations=5 (full 0):
 garbage-first heap   total 102400K, used 80521K [0x0000000701600000, 0x0000000800000000)
  region size 2048K, 30 young (61440K), 4 survivors (8192K)
 Metaspace       used 23737K, committed 24128K, reserved 1114112K
  class space    used 2543K, committed 2752K, reserved 1048576K
}
Event: 3.449 GC heap after
{Heap after GC invocations=6 (full 0):
 garbage-first heap   total 110592K, used 45113K [0x0000000701600000, 0x0000000800000000)
  region size 2048K, 4 young (8192K), 4 survivors (8192K)
 Metaspace       used 23737K, committed 24128K, reserved 1114112K
  class space    used 2543K, committed 2752K, reserved 1048576K
}
Event: 3.465 GC heap before
{Heap before GC invocations=6 (full 0):
 garbage-first heap   total 110592K, used 47161K [0x0000000701600000, 0x0000000800000000)
  region size 2048K, 5 young (10240K), 4 survivors (8192K)
 Metaspace       used 23881K, committed 24256K, reserved 1114112K
  class space    used 2558K, committed 2752K, reserved 1048576K
}
Event: 3.469 GC heap after
{Heap after GC invocations=7 (full 0):
 garbage-first heap   total 110592K, used 48214K [0x0000000701600000, 0x0000000800000000)
  region size 2048K, 1 young (2048K), 1 survivors (2048K)
 Metaspace       used 23881K, committed 24256K, reserved 1114112K
  class space    used 2558K, committed 2752K, reserved 1048576K
}
Event: 3.933 GC heap before
{Heap before GC invocations=7 (full 0):
 garbage-first heap   total 110592K, used 78934K [0x0000000701600000, 0x0000000800000000)
  region size 2048K, 16 young (32768K), 1 survivors (2048K)
 Metaspace       used 25512K, committed 25920K, reserved 1114112K
  class space    used 2711K, committed 2880K, reserved 1048576K
}
Event: 3.938 GC heap after
{Heap after GC invocations=8 (full 0):
 garbage-first heap   total 110592K, used 50507K [0x0000000701600000, 0x0000000800000000)
  region size 2048K, 2 young (4096K), 2 survivors (4096K)
 Metaspace       used 25512K, committed 25920K, reserved 1114112K
  class space    used 2711K, committed 2880K, reserved 1048576K
}
Event: 4.312 GC heap before
{Heap before GC invocations=8 (full 0):
 garbage-first heap   total 110592K, used 79179K [0x0000000701600000, 0x0000000800000000)
  region size 2048K, 17 young (34816K), 2 survivors (4096K)
 Metaspace       used 26962K, committed 27392K, reserved 1114112K
  class space    used 2870K, committed 3072K, reserved 1048576K
}
Event: 4.317 GC heap after
{Heap after GC invocations=9 (full 0):
 garbage-first heap   total 110592K, used 51649K [0x0000000701600000, 0x0000000800000000)
  region size 2048K, 1 young (2048K), 1 survivors (2048K)
 Metaspace       used 26962K, committed 27392K, reserved 1114112K
  class space    used 2870K, committed 3072K, reserved 1048576K
}
Event: 4.502 GC heap before
{Heap before GC invocations=9 (full 0):
 garbage-first heap   total 110592K, used 82369K [0x0000000701600000, 0x0000000800000000)
  region size 2048K, 16 young (32768K), 1 survivors (2048K)
 Metaspace       used 27308K, committed 27840K, reserved 1114112K
  class space    used 2884K, committed 3136K, reserved 1048576K
}
Event: 4.507 GC heap after
{Heap after GC invocations=10 (full 0):
 garbage-first heap   total 110592K, used 52627K [0x0000000701600000, 0x0000000800000000)
  region size 2048K, 1 young (2048K), 1 survivors (2048K)
 Metaspace       used 27308K, committed 27840K, reserved 1114112K
  class space    used 2884K, committed 3136K, reserved 1048576K
}
Event: 4.806 GC heap before
{Heap before GC invocations=11 (full 0):
 garbage-first heap   total 110592K, used 85395K [0x0000000701600000, 0x0000000800000000)
  region size 2048K, 17 young (34816K), 1 survivors (2048K)
 Metaspace       used 28331K, committed 28800K, reserved 1114112K
  class space    used 3003K, committed 3200K, reserved 1048576K
}
Event: 4.812 GC heap after
{Heap after GC invocations=12 (full 0):
 garbage-first heap   total 110592K, used 53038K [0x0000000701600000, 0x0000000800000000)
  region size 2048K, 2 young (4096K), 2 survivors (4096K)
 Metaspace       used 28331K, committed 28800K, reserved 1114112K
  class space    used 3003K, committed 3200K, reserved 1048576K
}
Event: 5.332 GC heap before
{Heap before GC invocations=12 (full 0):
 garbage-first heap   total 110592K, used 81710K [0x0000000701600000, 0x0000000800000000)
  region size 2048K, 18 young (36864K), 2 survivors (4096K)
 Metaspace       used 29334K, committed 29824K, reserved 1114112K
  class space    used 3080K, committed 3328K, reserved 1048576K
}
Event: 5.338 GC heap after
{Heap after GC invocations=13 (full 0):
 garbage-first heap   total 178176K, used 54133K [0x0000000701600000, 0x0000000800000000)
  region size 2048K, 2 young (4096K), 2 survivors (4096K)
 Metaspace       used 29334K, committed 29824K, reserved 1114112K
  class space    used 3080K, committed 3328K, reserved 1048576K
}

